<?xml version="1.0" encoding="UTF-8"?>
<!-- Generated by org.testng.reporters.JUnitXMLReporter -->
<testsuite ignored="0" hostname="NOTE-3283AGD" failures="0" tests="1" name="PruebaEnFirefox" time="8.903" errors="0" timestamp="2022-05-28T18:08:31 ART">
  <testcase classname="Edit.EducacionIT.Laboratorio6" name="@BeforeTest abrirPagina" time="8.843">
    <failure type="org.openqa.selenium.WebDriverException" message="TypeError: this.curBrowser.contentBrowser is null
Build info: version: &amp;apos;4.1.4&amp;apos;, revision: &amp;apos;535d840ee2&amp;apos;
System info: host: &amp;apos;NOTE-3283AGD&amp;apos;, ip: &amp;apos;192.168.100.25&amp;apos;, os.name: &amp;apos;Windows 10&amp;apos;, os.arch: &amp;apos;amd64&amp;apos;, os.version: &amp;apos;10.0&amp;apos;, java.version: &amp;apos;17.0.1&amp;apos;
Driver info: org.openqa.selenium.firefox.FirefoxDriver
Command: [f321f758-0279-41cd-b7c7-716f0b24a285, get {url=http://automationpractice.com/index.php}]
Capabilities {acceptInsecureCerts: true, browserName: firefox, browserVersion: 100.0.1, javascriptEnabled: true, moz:accessibilityChecks: false, moz:buildID: 20220513165813, moz:debuggerAddress: localhost:61587, moz:geckodriverVersion: 0.31.0, moz:headless: false, moz:processID: 2060, moz:profile: C:\Users\maflo\AppData\Loca..., moz:shutdownTimeout: 60000, moz:useNonSpecCompliantPointerOrigin: false, moz:webdriverClick: true, pageLoadStrategy: normal, platform: WINDOWS, platformName: WINDOWS, platformVersion: 10.0, proxy: Proxy(), se:cdp: ws://localhost:61587/devtoo..., se:cdpVersion: 85.0, setWindowRect: true, strictFileInteractability: false, timeouts: {implicit: 0, pageLoad: 300000, script: 30000}, unhandledPromptBehavior: dismiss and notify}
Session ID: f321f758-0279-41cd-b7c7-716f0b24a285">
      <![CDATA[org.openqa.selenium.WebDriverException: TypeError: this.curBrowser.contentBrowser is null
Build info: version: '4.1.4', revision: '535d840ee2'
System info: host: 'NOTE-3283AGD', ip: '192.168.100.25', os.name: 'Windows 10', os.arch: 'amd64', os.version: '10.0', java.version: '17.0.1'
Driver info: org.openqa.selenium.firefox.FirefoxDriver
Command: [f321f758-0279-41cd-b7c7-716f0b24a285, get {url=http://automationpractice.com/index.php}]
Capabilities {acceptInsecureCerts: true, browserName: firefox, browserVersion: 100.0.1, javascriptEnabled: true, moz:accessibilityChecks: false, moz:buildID: 20220513165813, moz:debuggerAddress: localhost:61587, moz:geckodriverVersion: 0.31.0, moz:headless: false, moz:processID: 2060, moz:profile: C:\Users\maflo\AppData\Loca..., moz:shutdownTimeout: 60000, moz:useNonSpecCompliantPointerOrigin: false, moz:webdriverClick: true, pageLoadStrategy: normal, platform: WINDOWS, platformName: WINDOWS, platformVersion: 10.0, proxy: Proxy(), se:cdp: ws://localhost:61587/devtoo..., se:cdpVersion: 85.0, setWindowRect: true, strictFileInteractability: false, timeouts: {implicit: 0, pageLoad: 300000, script: 30000}, unhandledPromptBehavior: dismiss and notify}
Session ID: f321f758-0279-41cd-b7c7-716f0b24a285
at org.openqa.selenium.remote.codec.w3c.W3CHttpResponseCodec.createException(W3CHttpResponseCodec.java:200)
at org.openqa.selenium.remote.codec.w3c.W3CHttpResponseCodec.decode(W3CHttpResponseCodec.java:133)
at org.openqa.selenium.remote.codec.w3c.W3CHttpResponseCodec.decode(W3CHttpResponseCodec.java:53)
at org.openqa.selenium.remote.HttpCommandExecutor.execute(HttpCommandExecutor.java:184)
at org.openqa.selenium.remote.service.DriverCommandExecutor.invokeExecute(DriverCommandExecutor.java:167)
at org.openqa.selenium.remote.service.DriverCommandExecutor.execute(DriverCommandExecutor.java:142)
at org.openqa.selenium.remote.RemoteWebDriver.execute(RemoteWebDriver.java:567)
at org.openqa.selenium.remote.RemoteWebDriver.get(RemoteWebDriver.java:330)
at Edit.EducacionIT.Laboratorio6.abrirPagina(Laboratorio6.java:32)
... Removed 29 stack frames]]>
    </failure>
  </testcase> <!-- @BeforeTest abrirPagina -->
  <testcase classname="Edit.EducacionIT.Laboratorio6" name="contactanos" time="0.0">
    <skipped/>
  </testcase> <!-- contactanos -->
</testsuite> <!-- PruebaEnFirefox -->
