<?xml version="1.0" encoding="UTF-8"?>
<!-- Generated by org.testng.reporters.JUnitXMLReporter -->
<testsuite ignored="0" hostname="NOTE-3283AGD" failures="0" tests="5" name="Test" time="72.725" errors="0" timestamp="2022-06-07T20:43:05 ART">
  <testcase classname="Pruebas.Laboratorio8" name="login" time="13.411"/>
  <testcase classname="Pruebas.Laboratorio8" name="login" time="8.909"/>
  <testcase classname="Pruebas.Laboratorio8" name="login" time="11.561"/>
  <testcase classname="Pruebas.Laboratorio8" name="login" time="17.588"/>
  <testcase classname="Pruebas.Laboratorio8" name="login" time="19.042"/>
</testsuite> <!-- Test -->
